0 info it worked if it ends with ok
1 verbose cli [ '/usr/local/Cellar/node/5.2.0/bin/node',
1 verbose cli   '/usr/local/bin/npm',
1 verbose cli   'run',
1 verbose cli   'dev-win' ]
2 info using npm@3.3.12
3 info using node@v5.2.0
4 verbose run-script [ 'predev-win', 'dev-win', 'postdev-win' ]
5 info lifecycle furaksu@1.0.0~predev-win: furaksu@1.0.0
6 silly lifecycle furaksu@1.0.0~predev-win: no script for predev-win, continuing
7 info lifecycle furaksu@1.0.0~dev-win: furaksu@1.0.0
8 verbose lifecycle furaksu@1.0.0~dev-win: unsafe-perm in lifecycle true
9 verbose lifecycle furaksu@1.0.0~dev-win: PATH: /usr/local/lib/node_modules/npm/bin/node-gyp-bin:/Users/kogs/www/furaksu/node_modules/.bin:/usr/local/bin:/usr/bin:/bin:/usr/sbin:/sbin
10 verbose lifecycle furaksu@1.0.0~dev-win: CWD: /Users/kogs/www/furaksu
11 silly lifecycle furaksu@1.0.0~dev-win: Args: [ '-c', 'start webpack -w && start live-server' ]
12 info lifecycle furaksu@1.0.0~dev-win: Failed to exec dev-win script
13 verbose stack Error: furaksu@1.0.0 dev-win: `start webpack -w && start live-server`
13 verbose stack spawn ENOENT
13 verbose stack     at ChildProcess.<anonymous> (/usr/local/lib/node_modules/npm/lib/utils/spawn.js:17:16)
13 verbose stack     at emitTwo (events.js:88:13)
13 verbose stack     at ChildProcess.emit (events.js:173:7)
13 verbose stack     at maybeClose (internal/child_process.js:819:16)
13 verbose stack     at Process.ChildProcess._handle.onexit (internal/child_process.js:212:5)
14 verbose pkgid furaksu@1.0.0
15 verbose cwd /Users/kogs/www/furaksu
16 error Darwin 15.0.0
17 error argv "/usr/local/Cellar/node/5.2.0/bin/node" "/usr/local/bin/npm" "run" "dev-win"
18 error node v5.2.0
19 error npm  v3.3.12
20 error file sh
21 error code ELIFECYCLE
22 error errno ENOENT
23 error syscall spawn
24 error furaksu@1.0.0 dev-win: `start webpack -w && start live-server`
24 error spawn ENOENT
25 error Failed at the furaksu@1.0.0 dev-win script 'start webpack -w && start live-server'.
25 error Make sure you have the latest version of node.js and npm installed.
25 error If you do, this is most likely a problem with the furaksu package,
25 error not with npm itself.
25 error Tell the author that this fails on your system:
25 error     start webpack -w && start live-server
25 error You can get their info via:
25 error     npm owner ls furaksu
25 error There is likely additional logging output above.
26 verbose exit [ 1, true ]
